  ListLinked.cpp
C:\Users\noahm\source\repos\NoahMousseau CSC2200 Lab5TakeHome\NoahMousseau CSC2200 Lab5TakeHome\ListLinked.h(26,1): warning C4290: C++ exception specification ignored except to indicate a function is not __declspec(nothrow)
C:\Users\noahm\source\repos\NoahMousseau CSC2200 Lab5TakeHome\NoahMousseau CSC2200 Lab5TakeHome\ListLinked.h(59): message : see reference to class template instantiation 'List<DataType>' being compiled
C:\Users\noahm\source\repos\NoahMousseau CSC2200 Lab5TakeHome\NoahMousseau CSC2200 Lab5TakeHome\ListLinked.h(27,1): warning C4290: C++ exception specification ignored except to indicate a function is not __declspec(nothrow)
C:\Users\noahm\source\repos\NoahMousseau CSC2200 Lab5TakeHome\NoahMousseau CSC2200 Lab5TakeHome\ListLinked.h(28,1): warning C4290: C++ exception specification ignored except to indicate a function is not __declspec(nothrow)
C:\Users\noahm\source\repos\NoahMousseau CSC2200 Lab5TakeHome\NoahMousseau CSC2200 Lab5TakeHome\ListLinked.h(34,1): warning C4290: C++ exception specification ignored except to indicate a function is not __declspec(nothrow)
C:\Users\noahm\source\repos\NoahMousseau CSC2200 Lab5TakeHome\NoahMousseau CSC2200 Lab5TakeHome\ListLinked.h(35,1): warning C4290: C++ exception specification ignored except to indicate a function is not __declspec(nothrow)
C:\Users\noahm\source\repos\NoahMousseau CSC2200 Lab5TakeHome\NoahMousseau CSC2200 Lab5TakeHome\ListLinked.h(36,1): warning C4290: C++ exception specification ignored except to indicate a function is not __declspec(nothrow)
C:\Users\noahm\source\repos\NoahMousseau CSC2200 Lab5TakeHome\NoahMousseau CSC2200 Lab5TakeHome\ListLinked.h(37,1): warning C4290: C++ exception specification ignored except to indicate a function is not __declspec(nothrow)
C:\Users\noahm\source\repos\NoahMousseau CSC2200 Lab5TakeHome\NoahMousseau CSC2200 Lab5TakeHome\ListLinked.h(39,1): warning C4290: C++ exception specification ignored except to indicate a function is not __declspec(nothrow)
C:\Users\noahm\source\repos\NoahMousseau CSC2200 Lab5TakeHome\NoahMousseau CSC2200 Lab5TakeHome\ListLinked.h(42,1): warning C4290: C++ exception specification ignored except to indicate a function is not __declspec(nothrow)
C:\Users\noahm\source\repos\NoahMousseau CSC2200 Lab5TakeHome\NoahMousseau CSC2200 Lab5TakeHome\ListLinked.h(45,1): warning C4290: C++ exception specification ignored except to indicate a function is not __declspec(nothrow)
C:\Users\noahm\source\repos\NoahMousseau CSC2200 Lab5TakeHome\NoahMousseau CSC2200 Lab5TakeHome\ListLinked.cpp(64,1): warning C4290: C++ exception specification ignored except to indicate a function is not __declspec(nothrow)
C:\Users\noahm\source\repos\NoahMousseau CSC2200 Lab5TakeHome\NoahMousseau CSC2200 Lab5TakeHome\ListLinked.cpp(78,1): warning C4290: C++ exception specification ignored except to indicate a function is not __declspec(nothrow)
C:\Users\noahm\source\repos\NoahMousseau CSC2200 Lab5TakeHome\NoahMousseau CSC2200 Lab5TakeHome\ListLinked.cpp(104,1): warning C4290: C++ exception specification ignored except to indicate a function is not __declspec(nothrow)
C:\Users\noahm\source\repos\NoahMousseau CSC2200 Lab5TakeHome\NoahMousseau CSC2200 Lab5TakeHome\ListLinked.cpp(136,1): warning C4290: C++ exception specification ignored except to indicate a function is not __declspec(nothrow)
C:\Users\noahm\source\repos\NoahMousseau CSC2200 Lab5TakeHome\NoahMousseau CSC2200 Lab5TakeHome\ListLinked.cpp(143,1): warning C4290: C++ exception specification ignored except to indicate a function is not __declspec(nothrow)
C:\Users\noahm\source\repos\NoahMousseau CSC2200 Lab5TakeHome\NoahMousseau CSC2200 Lab5TakeHome\ListLinked.cpp(152,1): warning C4290: C++ exception specification ignored except to indicate a function is not __declspec(nothrow)
C:\Users\noahm\source\repos\NoahMousseau CSC2200 Lab5TakeHome\NoahMousseau CSC2200 Lab5TakeHome\ListLinked.cpp(163,1): warning C4290: C++ exception specification ignored except to indicate a function is not __declspec(nothrow)
C:\Users\noahm\source\repos\NoahMousseau CSC2200 Lab5TakeHome\NoahMousseau CSC2200 Lab5TakeHome\ListLinked.cpp(180,1): warning C4290: C++ exception specification ignored except to indicate a function is not __declspec(nothrow)
C:\Users\noahm\source\repos\NoahMousseau CSC2200 Lab5TakeHome\NoahMousseau CSC2200 Lab5TakeHome\ListLinked.cpp(190,1): warning C4290: C++ exception specification ignored except to indicate a function is not __declspec(nothrow)
C:\Users\noahm\source\repos\NoahMousseau CSC2200 Lab5TakeHome\NoahMousseau CSC2200 Lab5TakeHome\ListLinked.cpp(203,1): warning C4290: C++ exception specification ignored except to indicate a function is not __declspec(nothrow)
  NoahMousseau CSC2200 Lab5TakeHome.vcxproj -> C:\Users\noahm\source\repos\NoahMousseau CSC2200 Lab5TakeHome\Debug\NoahMousseau CSC2200 Lab5TakeHome.exe
