  IntList.cpp
C:\Users\noahm\source\repos\Assignment 1 - 2\Assignment 1 - 2\IntList.cpp(126,18): error C2365: 'IntList::size': redefinition; previous definition was 'data member'
C:\Users\noahm\source\repos\Assignment 1 - 2\Assignment 1 - 2\IntList.cpp(13): message : see declaration of 'IntList::size'
C:\Users\noahm\source\repos\Assignment 1 - 2\Assignment 1 - 2\IntList.cpp(127,9): error C2059: syntax error: 'return'
C:\Users\noahm\source\repos\Assignment 1 - 2\Assignment 1 - 2\IntList.cpp(127,20): error C2238: unexpected token(s) preceding ';'
C:\Users\noahm\source\repos\Assignment 1 - 2\Assignment 1 - 2\IntList.cpp(130,40): error C2550: 'IntList': constructor initializer lists are only allowed on constructor definitions
C:\Users\noahm\source\repos\Assignment 1 - 2\Assignment 1 - 2\IntList.cpp(132,13): error C2588: '::~IntList': illegal global destructor
C:\Users\noahm\source\repos\Assignment 1 - 2\Assignment 1 - 2\IntList.cpp(132,16): error C4430: missing type specifier - int assumed. Note: C++ does not support default-int
C:\Users\noahm\source\repos\Assignment 1 - 2\Assignment 1 - 2\IntList.cpp(132,16): error C2556: 'int IntList(void)': overloaded function differs only by return type from 'IntList IntList(void)'
C:\Users\noahm\source\repos\Assignment 1 - 2\Assignment 1 - 2\IntList.cpp(130): message : see declaration of 'IntList'
C:\Users\noahm\source\repos\Assignment 1 - 2\Assignment 1 - 2\IntList.cpp(132,6): error C2371: 'IntList': redefinition; different basic types
C:\Users\noahm\source\repos\Assignment 1 - 2\Assignment 1 - 2\IntList.cpp(130): message : see declaration of 'IntList'
C:\Users\noahm\source\repos\Assignment 1 - 2\Assignment 1 - 2\IntList.cpp(133,16): error C2065: 'head': undeclared identifier
C:\Users\noahm\source\repos\Assignment 1 - 2\Assignment 1 - 2\IntList.cpp(134,13): error C2065: 'Node': undeclared identifier
C:\Users\noahm\source\repos\Assignment 1 - 2\Assignment 1 - 2\IntList.cpp(134,19): error C2065: 'temp': undeclared identifier
C:\Users\noahm\source\repos\Assignment 1 - 2\Assignment 1 - 2\IntList.cpp(134,26): error C2065: 'head': undeclared identifier
C:\Users\noahm\source\repos\Assignment 1 - 2\Assignment 1 - 2\IntList.cpp(135,13): error C2065: 'head': undeclared identifier
C:\Users\noahm\source\repos\Assignment 1 - 2\Assignment 1 - 2\IntList.cpp(135,20): error C2065: 'head': undeclared identifier
C:\Users\noahm\source\repos\Assignment 1 - 2\Assignment 1 - 2\IntList.cpp(136,20): error C2065: 'temp': undeclared identifier
C:\Users\noahm\source\repos\Assignment 1 - 2\Assignment 1 - 2\IntList.cpp(136,24): error C2541: 'delete': cannot delete objects that are not pointers
C:\Users\noahm\source\repos\Assignment 1 - 2\Assignment 1 - 2\IntList.cpp(142,13): error C2065: 'size': undeclared identifier
C:\Users\noahm\source\repos\Assignment 1 - 2\Assignment 1 - 2\IntList.cpp(146,9): error C2065: 'Node': undeclared identifier
C:\Users\noahm\source\repos\Assignment 1 - 2\Assignment 1 - 2\IntList.cpp(146,15): error C2065: 'prev': undeclared identifier
C:\Users\noahm\source\repos\Assignment 1 - 2\Assignment 1 - 2\IntList.cpp(147,9): error C2065: 'Node': undeclared identifier
C:\Users\noahm\source\repos\Assignment 1 - 2\Assignment 1 - 2\IntList.cpp(147,15): error C2065: 'current': undeclared identifier
C:\Users\noahm\source\repos\Assignment 1 - 2\Assignment 1 - 2\IntList.cpp(147,25): error C2065: 'head': undeclared identifier
C:\Users\noahm\source\repos\Assignment 1 - 2\Assignment 1 - 2\IntList.cpp(148,9): error C2065: 'Node': undeclared identifier
C:\Users\noahm\source\repos\Assignment 1 - 2\Assignment 1 - 2\IntList.cpp(148,15): error C2065: 'next': undeclared identifier
C:\Users\noahm\source\repos\Assignment 1 - 2\Assignment 1 - 2\IntList.cpp(150,16): error C2065: 'current': undeclared identifier
C:\Users\noahm\source\repos\Assignment 1 - 2\Assignment 1 - 2\IntList.cpp(151,13): error C2065: 'next': undeclared identifier
C:\Users\noahm\source\repos\Assignment 1 - 2\Assignment 1 - 2\IntList.cpp(151,20): error C2065: 'current': undeclared identifier
C:\Users\noahm\source\repos\Assignment 1 - 2\Assignment 1 - 2\IntList.cpp(152,13): error C2065: 'current': undeclared identifier
C:\Users\noahm\source\repos\Assignment 1 - 2\Assignment 1 - 2\IntList.cpp(152,29): error C2065: 'prev': undeclared identifier
C:\Users\noahm\source\repos\Assignment 1 - 2\Assignment 1 - 2\IntList.cpp(153,13): error C2065: 'prev': undeclared identifier
C:\Users\noahm\source\repos\Assignment 1 - 2\Assignment 1 - 2\IntList.cpp(153,20): error C2065: 'current': undeclared identifier
C:\Users\noahm\source\repos\Assignment 1 - 2\Assignment 1 - 2\IntList.cpp(154,13): error C2065: 'current': undeclared identifier
C:\Users\noahm\source\repos\Assignment 1 - 2\Assignment 1 - 2\IntList.cpp(154,23): error C2065: 'next': undeclared identifier
C:\Users\noahm\source\repos\Assignment 1 - 2\Assignment 1 - 2\IntList.cpp(157,9): error C2065: 'head': undeclared identifier
C:\Users\noahm\source\repos\Assignment 1 - 2\Assignment 1 - 2\IntList.cpp(157,16): error C2065: 'prev': undeclared identifier
C:\Users\noahm\source\repos\Assignment 1 - 2\Assignment 1 - 2\IntList.cpp(159,1): error C2059: syntax error: '}'
C:\Users\noahm\source\repos\Assignment 1 - 2\Assignment 1 - 2\IntList.cpp(159,1): error C2143: syntax error: missing ';' before '}'
  IntStack.cpp
C:\Users\noahm\source\repos\Assignment 1 - 2\Assignment 1 - 2\IntList.cpp(126,18): error C2365: 'IntList::size': redefinition; previous definition was 'data member'
C:\Users\noahm\source\repos\Assignment 1 - 2\Assignment 1 - 2\IntList.cpp(13): message : see declaration of 'IntList::size'
C:\Users\noahm\source\repos\Assignment 1 - 2\Assignment 1 - 2\IntList.cpp(127,9): error C2059: syntax error: 'return'
C:\Users\noahm\source\repos\Assignment 1 - 2\Assignment 1 - 2\IntList.cpp(127,20): error C2238: unexpected token(s) preceding ';'
C:\Users\noahm\source\repos\Assignment 1 - 2\Assignment 1 - 2\IntList.cpp(130,40): error C2550: 'IntList': constructor initializer lists are only allowed on constructor definitions
C:\Users\noahm\source\repos\Assignment 1 - 2\Assignment 1 - 2\IntList.cpp(132,13): error C2588: '::~IntList': illegal global destructor
C:\Users\noahm\source\repos\Assignment 1 - 2\Assignment 1 - 2\IntList.cpp(132,16): error C4430: missing type specifier - int assumed. Note: C++ does not support default-int
C:\Users\noahm\source\repos\Assignment 1 - 2\Assignment 1 - 2\IntList.cpp(132,16): error C2556: 'int IntList(void)': overloaded function differs only by return type from 'IntList IntList(void)'
C:\Users\noahm\source\repos\Assignment 1 - 2\Assignment 1 - 2\IntList.cpp(130): message : see declaration of 'IntList'
C:\Users\noahm\source\repos\Assignment 1 - 2\Assignment 1 - 2\IntList.cpp(132,6): error C2371: 'IntList': redefinition; different basic types
C:\Users\noahm\source\repos\Assignment 1 - 2\Assignment 1 - 2\IntList.cpp(130): message : see declaration of 'IntList'
C:\Users\noahm\source\repos\Assignment 1 - 2\Assignment 1 - 2\IntList.cpp(133,16): error C2065: 'head': undeclared identifier
C:\Users\noahm\source\repos\Assignment 1 - 2\Assignment 1 - 2\IntList.cpp(134,13): error C2065: 'Node': undeclared identifier
C:\Users\noahm\source\repos\Assignment 1 - 2\Assignment 1 - 2\IntList.cpp(134,19): error C2065: 'temp': undeclared identifier
C:\Users\noahm\source\repos\Assignment 1 - 2\Assignment 1 - 2\IntList.cpp(134,26): error C2065: 'head': undeclared identifier
C:\Users\noahm\source\repos\Assignment 1 - 2\Assignment 1 - 2\IntList.cpp(135,13): error C2065: 'head': undeclared identifier
C:\Users\noahm\source\repos\Assignment 1 - 2\Assignment 1 - 2\IntList.cpp(135,20): error C2065: 'head': undeclared identifier
C:\Users\noahm\source\repos\Assignment 1 - 2\Assignment 1 - 2\IntList.cpp(136,20): error C2065: 'temp': undeclared identifier
C:\Users\noahm\source\repos\Assignment 1 - 2\Assignment 1 - 2\IntList.cpp(136,24): error C2541: 'delete': cannot delete objects that are not pointers
C:\Users\noahm\source\repos\Assignment 1 - 2\Assignment 1 - 2\IntList.cpp(142,13): error C2065: 'size': undeclared identifier
C:\Users\noahm\source\repos\Assignment 1 - 2\Assignment 1 - 2\IntList.cpp(146,9): error C2065: 'Node': undeclared identifier
C:\Users\noahm\source\repos\Assignment 1 - 2\Assignment 1 - 2\IntList.cpp(146,15): error C2065: 'prev': undeclared identifier
C:\Users\noahm\source\repos\Assignment 1 - 2\Assignment 1 - 2\IntList.cpp(147,9): error C2065: 'Node': undeclared identifier
C:\Users\noahm\source\repos\Assignment 1 - 2\Assignment 1 - 2\IntList.cpp(147,15): error C2065: 'current': undeclared identifier
C:\Users\noahm\source\repos\Assignment 1 - 2\Assignment 1 - 2\IntList.cpp(147,25): error C2065: 'head': undeclared identifier
C:\Users\noahm\source\repos\Assignment 1 - 2\Assignment 1 - 2\IntList.cpp(148,9): error C2065: 'Node': undeclared identifier
C:\Users\noahm\source\repos\Assignment 1 - 2\Assignment 1 - 2\IntList.cpp(148,15): error C2065: 'next': undeclared identifier
C:\Users\noahm\source\repos\Assignment 1 - 2\Assignment 1 - 2\IntList.cpp(150,16): error C2065: 'current': undeclared identifier
C:\Users\noahm\source\repos\Assignment 1 - 2\Assignment 1 - 2\IntList.cpp(151,13): error C2065: 'next': undeclared identifier
C:\Users\noahm\source\repos\Assignment 1 - 2\Assignment 1 - 2\IntList.cpp(151,20): error C2065: 'current': undeclared identifier
C:\Users\noahm\source\repos\Assignment 1 - 2\Assignment 1 - 2\IntList.cpp(152,13): error C2065: 'current': undeclared identifier
C:\Users\noahm\source\repos\Assignment 1 - 2\Assignment 1 - 2\IntList.cpp(152,29): error C2065: 'prev': undeclared identifier
C:\Users\noahm\source\repos\Assignment 1 - 2\Assignment 1 - 2\IntList.cpp(153,13): error C2065: 'prev': undeclared identifier
C:\Users\noahm\source\repos\Assignment 1 - 2\Assignment 1 - 2\IntList.cpp(153,20): error C2065: 'current': undeclared identifier
C:\Users\noahm\source\repos\Assignment 1 - 2\Assignment 1 - 2\IntList.cpp(154,13): error C2065: 'current': undeclared identifier
C:\Users\noahm\source\repos\Assignment 1 - 2\Assignment 1 - 2\IntList.cpp(154,23): error C2065: 'next': undeclared identifier
C:\Users\noahm\source\repos\Assignment 1 - 2\Assignment 1 - 2\IntList.cpp(157,9): error C2065: 'head': undeclared identifier
C:\Users\noahm\source\repos\Assignment 1 - 2\Assignment 1 - 2\IntList.cpp(157,16): error C2065: 'prev': undeclared identifier
C:\Users\noahm\source\repos\Assignment 1 - 2\Assignment 1 - 2\IntList.cpp(159,1): error C2059: syntax error: '}'
C:\Users\noahm\source\repos\Assignment 1 - 2\Assignment 1 - 2\IntList.cpp(159,1): error C2143: syntax error: missing ';' before '}'
C:\Users\noahm\source\repos\Assignment 1 - 2\Assignment 1 - 2\IntStack.cpp(38,13): error C3646: 'stack': unknown override specifier
C:\Users\noahm\source\repos\Assignment 1 - 2\Assignment 1 - 2\IntStack.cpp(38,18): error C4430: missing type specifier - int assumed. Note: C++ does not support default-int
C:\Users\noahm\source\repos\Assignment 1 - 2\Assignment 1 - 2\IntStack.cpp(8,9): error C2065: 'stack': undeclared identifier
C:\Users\noahm\source\repos\Assignment 1 - 2\Assignment 1 - 2\IntStack.cpp(14,17): error C2065: 'stack': undeclared identifier
C:\Users\noahm\source\repos\Assignment 1 - 2\Assignment 1 - 2\IntStack.cpp(24,16): error C2065: 'stack': undeclared identifier
C:\Users\noahm\source\repos\Assignment 1 - 2\Assignment 1 - 2\IntStack.cpp(29,20): error C2065: 'stack': undeclared identifier
  Main.cpp
C:\Users\noahm\source\repos\Assignment 1 - 2\Assignment 1 - 2\IntList.cpp(126,18): error C2365: 'IntList::size': redefinition; previous definition was 'data member'
C:\Users\noahm\source\repos\Assignment 1 - 2\Assignment 1 - 2\IntList.cpp(13): message : see declaration of 'IntList::size'
C:\Users\noahm\source\repos\Assignment 1 - 2\Assignment 1 - 2\IntList.cpp(127,9): error C2059: syntax error: 'return'
C:\Users\noahm\source\repos\Assignment 1 - 2\Assignment 1 - 2\IntList.cpp(127,20): error C2238: unexpected token(s) preceding ';'
C:\Users\noahm\source\repos\Assignment 1 - 2\Assignment 1 - 2\IntList.cpp(130,40): error C2550: 'IntList': constructor initializer lists are only allowed on constructor definitions
C:\Users\noahm\source\repos\Assignment 1 - 2\Assignment 1 - 2\IntList.cpp(132,13): error C2588: '::~IntList': illegal global destructor
C:\Users\noahm\source\repos\Assignment 1 - 2\Assignment 1 - 2\IntList.cpp(132,16): error C4430: missing type specifier - int assumed. Note: C++ does not support default-int
C:\Users\noahm\source\repos\Assignment 1 - 2\Assignment 1 - 2\IntList.cpp(132,16): error C2556: 'int IntList(void)': overloaded function differs only by return type from 'IntList IntList(void)'
C:\Users\noahm\source\repos\Assignment 1 - 2\Assignment 1 - 2\IntList.cpp(130): message : see declaration of 'IntList'
C:\Users\noahm\source\repos\Assignment 1 - 2\Assignment 1 - 2\IntList.cpp(132,6): error C2371: 'IntList': redefinition; different basic types
C:\Users\noahm\source\repos\Assignment 1 - 2\Assignment 1 - 2\IntList.cpp(130): message : see declaration of 'IntList'
C:\Users\noahm\source\repos\Assignment 1 - 2\Assignment 1 - 2\IntList.cpp(133,16): error C2065: 'head': undeclared identifier
C:\Users\noahm\source\repos\Assignment 1 - 2\Assignment 1 - 2\IntList.cpp(134,13): error C2065: 'Node': undeclared identifier
C:\Users\noahm\source\repos\Assignment 1 - 2\Assignment 1 - 2\IntList.cpp(134,19): error C2065: 'temp': undeclared identifier
C:\Users\noahm\source\repos\Assignment 1 - 2\Assignment 1 - 2\IntList.cpp(134,26): error C2065: 'head': undeclared identifier
C:\Users\noahm\source\repos\Assignment 1 - 2\Assignment 1 - 2\IntList.cpp(135,13): error C2065: 'head': undeclared identifier
C:\Users\noahm\source\repos\Assignment 1 - 2\Assignment 1 - 2\IntList.cpp(135,20): error C2065: 'head': undeclared identifier
C:\Users\noahm\source\repos\Assignment 1 - 2\Assignment 1 - 2\IntList.cpp(136,20): error C2065: 'temp': undeclared identifier
C:\Users\noahm\source\repos\Assignment 1 - 2\Assignment 1 - 2\IntList.cpp(136,24): error C2541: 'delete': cannot delete objects that are not pointers
C:\Users\noahm\source\repos\Assignment 1 - 2\Assignment 1 - 2\IntList.cpp(142,13): error C2065: 'size': undeclared identifier
C:\Users\noahm\source\repos\Assignment 1 - 2\Assignment 1 - 2\IntList.cpp(146,9): error C2065: 'Node': undeclared identifier
C:\Users\noahm\source\repos\Assignment 1 - 2\Assignment 1 - 2\IntList.cpp(146,15): error C2065: 'prev': undeclared identifier
C:\Users\noahm\source\repos\Assignment 1 - 2\Assignment 1 - 2\IntList.cpp(147,9): error C2065: 'Node': undeclared identifier
C:\Users\noahm\source\repos\Assignment 1 - 2\Assignment 1 - 2\IntList.cpp(147,15): error C2065: 'current': undeclared identifier
C:\Users\noahm\source\repos\Assignment 1 - 2\Assignment 1 - 2\IntList.cpp(147,25): error C2065: 'head': undeclared identifier
C:\Users\noahm\source\repos\Assignment 1 - 2\Assignment 1 - 2\IntList.cpp(148,9): error C2065: 'Node': undeclared identifier
C:\Users\noahm\source\repos\Assignment 1 - 2\Assignment 1 - 2\IntList.cpp(148,15): error C2065: 'next': undeclared identifier
C:\Users\noahm\source\repos\Assignment 1 - 2\Assignment 1 - 2\IntList.cpp(150,16): error C2065: 'current': undeclared identifier
C:\Users\noahm\source\repos\Assignment 1 - 2\Assignment 1 - 2\IntList.cpp(151,13): error C2065: 'next': undeclared identifier
C:\Users\noahm\source\repos\Assignment 1 - 2\Assignment 1 - 2\IntList.cpp(151,20): error C2065: 'current': undeclared identifier
C:\Users\noahm\source\repos\Assignment 1 - 2\Assignment 1 - 2\IntList.cpp(152,13): error C2065: 'current': undeclared identifier
C:\Users\noahm\source\repos\Assignment 1 - 2\Assignment 1 - 2\IntList.cpp(152,29): error C2065: 'prev': undeclared identifier
C:\Users\noahm\source\repos\Assignment 1 - 2\Assignment 1 - 2\IntList.cpp(153,13): error C2065: 'prev': undeclared identifier
C:\Users\noahm\source\repos\Assignment 1 - 2\Assignment 1 - 2\IntList.cpp(153,20): error C2065: 'current': undeclared identifier
C:\Users\noahm\source\repos\Assignment 1 - 2\Assignment 1 - 2\IntList.cpp(154,13): error C2065: 'current': undeclared identifier
C:\Users\noahm\source\repos\Assignment 1 - 2\Assignment 1 - 2\IntList.cpp(154,23): error C2065: 'next': undeclared identifier
C:\Users\noahm\source\repos\Assignment 1 - 2\Assignment 1 - 2\IntList.cpp(157,9): error C2065: 'head': undeclared identifier
C:\Users\noahm\source\repos\Assignment 1 - 2\Assignment 1 - 2\IntList.cpp(157,16): error C2065: 'prev': undeclared identifier
C:\Users\noahm\source\repos\Assignment 1 - 2\Assignment 1 - 2\IntList.cpp(159,1): error C2059: syntax error: '}'
C:\Users\noahm\source\repos\Assignment 1 - 2\Assignment 1 - 2\IntList.cpp(159,1): error C2143: syntax error: missing ';' before '}'
C:\Users\noahm\source\repos\Assignment 1 - 2\Assignment 1 - 2\Main.cpp(5,13): error C2146: syntax error: missing ';' before identifier 'list'
C:\Users\noahm\source\repos\Assignment 1 - 2\Assignment 1 - 2\Main.cpp(5,13): error C2065: 'list': undeclared identifier
C:\Users\noahm\source\repos\Assignment 1 - 2\Assignment 1 - 2\Main.cpp(6,5): error C2065: 'list': undeclared identifier
C:\Users\noahm\source\repos\Assignment 1 - 2\Assignment 1 - 2\Main.cpp(7,5): error C2065: 'list': undeclared identifier
C:\Users\noahm\source\repos\Assignment 1 - 2\Assignment 1 - 2\Main.cpp(8,5): error C2065: 'list': undeclared identifier
C:\Users\noahm\source\repos\Assignment 1 - 2\Assignment 1 - 2\Main.cpp(9,5): error C2065: 'list': undeclared identifier
C:\Users\noahm\source\repos\Assignment 1 - 2\Assignment 1 - 2\Main.cpp(11,5): error C2065: 'list': undeclared identifier
C:\Users\noahm\source\repos\Assignment 1 - 2\Assignment 1 - 2\Main.cpp(13,20): error C2065: 'list': undeclared identifier
C:\Users\noahm\source\repos\Assignment 1 - 2\Assignment 1 - 2\Main.cpp(13,37): error C3536: 'it': cannot be used before it is initialized
C:\Users\noahm\source\repos\Assignment 1 - 2\Assignment 1 - 2\Main.cpp(13,40): error C2065: 'list': undeclared identifier
C:\Users\noahm\source\repos\Assignment 1 - 2\Assignment 1 - 2\Main.cpp(14,22): error C2100: illegal indirection
C:\Users\noahm\source\repos\Assignment 1 - 2\Assignment 1 - 2\Main.cpp(14,19): error C2088: '<<': illegal for class
  Generating Code...
